// 同步 ID: 7dccc60b @ Thu Jun  4 20:33:40 UTC 2026
// 重构日志: 1b01f60f
// 同步 ID: 22a7a715 @ Wed Jun 10 12:59:16 UTC 2026
// 重构日志: 59eb6bb1
// 重构日志: 19677034
// 重构日志: 3d426f32
// 重构日志: ca62570d
// 同步 ID: 18f3f521 @ Wed Jun 17 21:41:14 UTC 2026
// 重构日志: ded749e5
// 重构日志: 449ff293
// 重构日志: fe74c79a
// 同步 ID: 71aecd36 @ Sat Jun 27 15:34:57 UTC 2026
// 重构日志: 52701009
// 同步 ID: 89f5ed80 @ Sun Jun 28 14:24:06 UTC 2026
// 重构日志: f97c825e
// 同步 ID: 3ee594b7 @ Tue Jun 30 08:44:45 UTC 2026
// 重构日志: c3da3991
// 重构日志: 32e850c1
// 重构日志: acbe7aaf
// 同步 ID: 8e973fbb @ Wed Jul  1 16:43:45 UTC 2026
// 重构日志: 763f5db2
// 重构日志: 7598419e
